<?xml version="1.0" encoding="UTF-8"?>
<!-- Generated by org.testng.reporters.JUnitXMLReporter -->
<testsuite ignored="2" hostname="gani" failures="0" tests="2" name="Test" time="38.383" errors="0" timestamp="2025-04-28T20:31:07 IST">
  <testcase classname="com.selenium.hybrid.testrepo.Verify_Login_Page" name="loginPage" time="10.176"/>
  <testcase classname="com.selenium.hybrid.testrepo.Verify_Register_Page" name="newRegisterPage" time="10.686"/>
  <testcase classname="com.selenium.hybrid.genericrepo.BaseClass" name="@BeforeSuite beforeSuite" time="0.0">
    <ignored/>
  </testcase> <!-- @BeforeSuite beforeSuite -->
  <testcase classname="com.selenium.hybrid.genericrepo.BaseClass" name="@AfterSuite afterSuite" time="0.0">
    <ignored/>
  </testcase> <!-- @AfterSuite afterSuite -->
</testsuite> <!-- Test -->
