<?xml version="1.0" encoding="UTF-8"?>
<testng-results ignored="0" total="2" passed="2" failed="0" skipped="0">
  <reporter-output>
  </reporter-output>
  <suite started-at="2025-04-28T20:30:28 IST" name="Suite" finished-at="2025-04-28T20:31:07 IST" duration-ms="38383">
    <groups>
    </groups>
    <test started-at="2025-04-28T20:30:28 IST" name="Test" finished-at="2025-04-28T20:31:07 IST" duration-ms="38383">
      <class name="com.selenium.hybrid.testrepo.Verify_Login_Page">
        <test-method is-config="true" signature="beforeSuite()[pri:0, instance:com.selenium.hybrid.testrepo.Verify_Login_Page@223d2c72]" started-at="2025-04-28T20:30:28 IST" name="beforeSuite" finished-at="2025-04-28T20:30:28 IST" duration-ms="28" status="PASS">
          <reporter-output>
          </reporter-output>
        </test-method> <!-- beforeSuite -->
        <test-method is-config="true" signature="beforeClass(java.lang.String,java.lang.String)[pri:0, instance:com.selenium.hybrid.testrepo.Verify_Login_Page@223d2c72]" started-at="2025-04-28T20:30:29 IST" name="beforeClass" finished-at="2025-04-28T20:30:35 IST" duration-ms="6153" status="PASS">
          <params>
            <param index="0">
              <value>
                <![CDATA[windows]]>
              </value>
            </param>
            <param index="1">
              <value>
                <![CDATA[chrome]]>
              </value>
            </param>
          </params>
          <reporter-output>
          </reporter-output>
        </test-method> <!-- beforeClass -->
        <test-method is-config="true" signature="beforeMethod()[pri:0, instance:com.selenium.hybrid.testrepo.Verify_Login_Page@223d2c72]" started-at="2025-04-28T20:30:35 IST" name="beforeMethod" finished-at="2025-04-28T20:30:38 IST" duration-ms="3422" status="PASS">
          <reporter-output>
          </reporter-output>
        </test-method> <!-- beforeMethod -->
        <test-method signature="loginPage()[pri:0, instance:com.selenium.hybrid.testrepo.Verify_Login_Page@223d2c72]" started-at="2025-04-28T20:30:38 IST" name="loginPage" finished-at="2025-04-28T20:30:49 IST" duration-ms="10176" status="PASS">
          <reporter-output>
          </reporter-output>
        </test-method> <!-- loginPage -->
        <test-method is-config="true" signature="afterMethod()[pri:0, instance:com.selenium.hybrid.testrepo.Verify_Login_Page@223d2c72]" started-at="2025-04-28T20:30:49 IST" name="afterMethod" finished-at="2025-04-28T20:30:49 IST" duration-ms="3" status="PASS">
          <reporter-output>
          </reporter-output>
        </test-method> <!-- afterMethod -->
        <test-method is-config="true" signature="afterClass()[pri:0, instance:com.selenium.hybrid.testrepo.Verify_Login_Page@223d2c72]" started-at="2025-04-28T20:30:49 IST" name="afterClass" finished-at="2025-04-28T20:30:49 IST" duration-ms="678" status="PASS">
          <reporter-output>
          </reporter-output>
        </test-method> <!-- afterClass -->
        <test-method is-config="true" signature="afterSuite()[pri:0, instance:com.selenium.hybrid.testrepo.Verify_Login_Page@223d2c72]" started-at="2025-04-28T20:31:08 IST" name="afterSuite" finished-at="2025-04-28T20:31:08 IST" duration-ms="1" status="PASS">
          <reporter-output>
          </reporter-output>
        </test-method> <!-- afterSuite -->
      </class> <!-- com.selenium.hybrid.testrepo.Verify_Login_Page -->
      <class name="com.selenium.hybrid.testrepo.Verify_Register_Page">
        <test-method is-config="true" signature="beforeClass(java.lang.String,java.lang.String)[pri:0, instance:com.selenium.hybrid.testrepo.Verify_Register_Page@7f3b84b8]" started-at="2025-04-28T20:30:49 IST" name="beforeClass" finished-at="2025-04-28T20:30:52 IST" duration-ms="2468" status="PASS">
          <params>
            <param index="0">
              <value>
                <![CDATA[windows]]>
              </value>
            </param>
            <param index="1">
              <value>
                <![CDATA[chrome]]>
              </value>
            </param>
          </params>
          <reporter-output>
          </reporter-output>
        </test-method> <!-- beforeClass -->
        <test-method is-config="true" signature="beforeMethod()[pri:0, instance:com.selenium.hybrid.testrepo.Verify_Register_Page@7f3b84b8]" started-at="2025-04-28T20:30:52 IST" name="beforeMethod" finished-at="2025-04-28T20:30:55 IST" duration-ms="3547" status="PASS">
          <reporter-output>
          </reporter-output>
        </test-method> <!-- beforeMethod -->
        <test-method signature="newRegisterPage()[pri:0, instance:com.selenium.hybrid.testrepo.Verify_Register_Page@7f3b84b8]" started-at="2025-04-28T20:30:55 IST" name="newRegisterPage" finished-at="2025-04-28T20:31:06 IST" duration-ms="10686" status="PASS">
          <reporter-output>
          </reporter-output>
        </test-method> <!-- newRegisterPage -->
        <test-method is-config="true" signature="afterMethod()[pri:0, instance:com.selenium.hybrid.testrepo.Verify_Register_Page@7f3b84b8]" started-at="2025-04-28T20:31:06 IST" name="afterMethod" finished-at="2025-04-28T20:31:06 IST" duration-ms="1" status="PASS">
          <reporter-output>
          </reporter-output>
        </test-method> <!-- afterMethod -->
        <test-method is-config="true" signature="afterClass()[pri:0, instance:com.selenium.hybrid.testrepo.Verify_Register_Page@7f3b84b8]" started-at="2025-04-28T20:31:06 IST" name="afterClass" finished-at="2025-04-28T20:31:07 IST" duration-ms="464" status="PASS">
          <reporter-output>
          </reporter-output>
        </test-method> <!-- afterClass -->
      </class> <!-- com.selenium.hybrid.testrepo.Verify_Register_Page -->
    </test> <!-- Test -->
  </suite> <!-- Suite -->
</testng-results>
