<?xml version="1.0" encoding="UTF-8"?>
<!-- Generated by org.testng.reporters.JUnitXMLReporter -->
<testsuite ignored="3" hostname="gani" failures="0" tests="5" name="groupingtests" time="0.307" errors="0" timestamp="2025-04-27T20:37:22 IST">
  <testcase classname="com.selenium.hybrid.sampletestsrepo.Payment" name="paymentByRuppes" time="0.029"/>
  <testcase classname="com.selenium.hybrid.sampletestsrepo.Payment" name="paymentBydollrs" time="0.008"/>
  <testcase classname="com.selenium.hybrid.sampletestsrepo.Singup" name="signUpByFacebook" time="0.003"/>
  <testcase classname="com.selenium.hybrid.sampletestsrepo.Singup" name="signUpByEmail" time="0.004"/>
  <testcase classname="com.selenium.hybrid.sampletestsrepo.Singup" name="signUpByTwitter" time="0.016"/>
  <testcase classname="com.selenium.hybrid.sampletestsrepo.Login" name="loginByTwitter" time="0.0">
    <ignored/>
  </testcase> <!-- loginByTwitter -->
  <testcase classname="com.selenium.hybrid.sampletestsrepo.Login" name="loginByEmail" time="0.0">
    <ignored/>
  </testcase> <!-- loginByEmail -->
  <testcase classname="com.selenium.hybrid.sampletestsrepo.Login" name="loginByFacebook" time="0.0">
    <ignored/>
  </testcase> <!-- loginByFacebook -->
</testsuite> <!-- groupingtests -->
